<?xml version="1.0" encoding="UTF-8"?>
<!-- Generated by org.testng.reporters.JUnitReportReporter -->
<testsuite skipped="0" hostname="DESKTOP-B0F4BJM" name="api.GoogleTest.WeatherDataProvider" tests="30" failures="0" timestamp="03 Nov 2018 04:49:02 GMT" time="21.622" errors="0">
  <testcase name="verifyWeatherInfoWithPositiveData" time="0.516" classname="api.GoogleTest.WeatherDataProvider"/>
  <testcase name="verifyWeatherInfoWithPositiveData" time="0.618" classname="api.GoogleTest.WeatherDataProvider"/>
  <testcase name="verifyWeatherInfoWithPositiveData" time="0.521" classname="api.GoogleTest.WeatherDataProvider"/>
  <testcase name="verifyWeatherInfoWithPositiveData" time="0.630" classname="api.GoogleTest.WeatherDataProvider"/>
  <testcase name="verifyWeatherInfoWithPositiveData" time="0.736" classname="api.GoogleTest.WeatherDataProvider"/>
  <testcase name="verifyWeatherInfoWithPositiveData" time="0.556" classname="api.GoogleTest.WeatherDataProvider"/>
  <testcase name="verifyWeatherInfoWithPositiveData" time="0.641" classname="api.GoogleTest.WeatherDataProvider"/>
  <testcase name="verifyWeatherInfoWithPositiveData" time="0.612" classname="api.GoogleTest.WeatherDataProvider"/>
  <testcase name="verifyWeatherInfoWithPositiveData" time="0.653" classname="api.GoogleTest.WeatherDataProvider"/>
  <testcase name="verifyWeatherInfoWithPositiveData" time="0.537" classname="api.GoogleTest.WeatherDataProvider"/>
  <testcase name="verifyWeatherInfoWithPositiveData" time="0.520" classname="api.GoogleTest.WeatherDataProvider"/>
  <testcase name="verifyWeatherInfoWithPositiveData" time="0.679" classname="api.GoogleTest.WeatherDataProvider"/>
  <testcase name="verifyWeatherInfoWithPositiveData" time="0.633" classname="api.GoogleTest.WeatherDataProvider"/>
  <testcase name="verifyWeatherInfoWithPositiveData" time="0.803" classname="api.GoogleTest.WeatherDataProvider"/>
  <testcase name="verifyWeatherInfoWithPositiveData" time="0.584" classname="api.GoogleTest.WeatherDataProvider"/>
  <testcase name="verifyWeatherInfoWithPositiveData" time="0.502" classname="api.GoogleTest.WeatherDataProvider"/>
  <testcase name="verifyWeatherInfoWithPositiveData" time="0.655" classname="api.GoogleTest.WeatherDataProvider"/>
  <testcase name="verifyWeatherInfoWithPositiveData" time="3.401" classname="api.GoogleTest.WeatherDataProvider"/>
  <testcase name="verifyWeatherInfoWithPositiveData" time="0.569" classname="api.GoogleTest.WeatherDataProvider"/>
  <testcase name="verifyWeatherInfoWithPositiveData" time="0.628" classname="api.GoogleTest.WeatherDataProvider"/>
  <testcase name="verifyWeatherInfoWithPositiveData" time="0.617" classname="api.GoogleTest.WeatherDataProvider"/>
  <testcase name="verifyWeatherInfoWithPositiveData" time="0.616" classname="api.GoogleTest.WeatherDataProvider"/>
  <testcase name="verifyWeatherInfoWithPositiveData" time="0.671" classname="api.GoogleTest.WeatherDataProvider"/>
  <testcase name="verifyWeatherInfoWithPositiveData" time="0.749" classname="api.GoogleTest.WeatherDataProvider"/>
  <testcase name="verifyWeatherInfoWithPositiveData" time="0.671" classname="api.GoogleTest.WeatherDataProvider"/>
  <testcase name="verifyWeatherInfoWithPositiveData" time="0.814" classname="api.GoogleTest.WeatherDataProvider"/>
  <testcase name="verifyWeatherInfoWithPositiveData" time="0.702" classname="api.GoogleTest.WeatherDataProvider"/>
  <testcase name="verifyWeatherInfoWithPositiveData" time="0.586" classname="api.GoogleTest.WeatherDataProvider"/>
  <testcase name="verifyWeatherInfoWithPositiveData" time="0.642" classname="api.GoogleTest.WeatherDataProvider"/>
  <testcase name="verifyWeatherInfoWithPositiveData" time="0.560" classname="api.GoogleTest.WeatherDataProvider"/>
</testsuite> <!-- api.GoogleTest.WeatherDataProvider -->
