<?xml version="1.0" encoding="UTF-8"?>
<!-- Generated by org.testng.reporters.JUnitReportReporter -->
<testsuite skipped="0" hostname="DESKTOP-B0F4BJM" name="api.GoogleTest.Weather" tests="1" failures="0" timestamp="03 Nov 2018 03:40:05 GMT" time="3.656" errors="0">
  <testcase name="getWeatherinfo" time="3.656" classname="api.GoogleTest.Weather"/>
</testsuite> <!-- api.GoogleTest.Weather -->
