<?xml version="1.0" encoding="UTF-8"?>
<!-- Generated by org.testng.reporters.JUnitReportReporter -->
<testsuite skipped="0" hostname="DESKTOP-B0F4BJM" name="api.GoogleTest.Google" tests="1" failures="0" timestamp="01 Nov 2018 03:47:02 GMT" time="0.549" errors="0">
  <testcase name="configure" time="0.549" classname="api.GoogleTest.Google"/>
</testsuite> <!-- api.GoogleTest.Google -->
