<?xml version="1.0" encoding="UTF-8"?>
<!-- Generated by org.testng.reporters.JUnitReportReporter -->
<testsuite skipped="0" hostname="DESKTOP-B0F4BJM" name="api.GoogleTest.RestConfiguration" tests="1" failures="0" timestamp="03 Nov 2018 10:16:54 GMT" time="3.692" errors="0">
  <testcase name="configure" time="3.692" classname="api.GoogleTest.RestConfiguration"/>
</testsuite> <!-- api.GoogleTest.RestConfiguration -->
