<?xml version="1.0" encoding="UTF-8"?>
<!-- Generated by org.testng.reporters.JUnitReportReporter -->
<testsuite skipped="0" hostname="DESKTOP-B0F4BJM" name="api.GoogleTest.AllWeather" tests="2" failures="0" timestamp="03 Nov 2018 05:31:24 GMT" time="2.971" errors="0">
  <testcase name="getWeatherDetailsWith_CorrectCityTest" time="2.799" classname="api.GoogleTest.AllWeather"/>
  <testcase name="getWeatherDetailsWith_InCorrectCityTest" time="0.172" classname="api.GoogleTest.AllWeather"/>
</testsuite> <!-- api.GoogleTest.AllWeather -->
