<?xml version="1.0" encoding="UTF-8"?>
<!-- Generated by org.testng.reporters.JUnitReportReporter -->
<testsuite skipped="0" hostname="DESKTOP-B0F4BJM" name="api.test.data.WeatherinfoTest" tests="3" failures="0" timestamp="03 Nov 2018 07:18:09 GMT" time="3.418" errors="0">
  <testcase name="getWeatherDetailsWithCorrectCityNameTest" time="0.312" classname="api.test.data.WeatherinfoTest"/>
  <testcase name="getWeatherDetailsWithCorrectCityNameTest" time="2.899" classname="api.test.data.WeatherinfoTest"/>
  <testcase name="getWeatherDetailsWithCorrectCityNameTest" time="0.207" classname="api.test.data.WeatherinfoTest"/>
</testsuite> <!-- api.test.data.WeatherinfoTest -->
